\BOOKMARK [1][-]{section*.1}{Overview}{}% 1
\BOOKMARK [1][-]{section*.2}{Topic Learning Outcomes}{}% 2
\BOOKMARK [2][-]{subsection*.3}{Question Sets}{section*.2}% 3
\BOOKMARK [2][-]{subsection*.4}{Questions}{section*.2}% 4
\BOOKMARK [1][-]{section*.5}{Students}{}% 5
\BOOKMARK [1][-]{section*.6}{Summary of Questions}{}% 6
\BOOKMARK [2][-]{T06.A.A.04.1.1.MC.1.2}{T06.A.A.04.1.1.MC.1}{section*.6}% 7
\BOOKMARK [2][-]{T06.A.A.04.1.1.MC.2.2}{T06.A.A.04.1.1.MC.2}{section*.6}% 8
\BOOKMARK [2][-]{T06.A.A.04.1.1.MC.3.2}{T06.A.A.04.1.1.MC.3}{section*.6}% 9
\BOOKMARK [2][-]{T06.A.A.04.1.1.MC.4.2}{T06.A.A.04.1.1.MC.4}{section*.6}% 10
\BOOKMARK [2][-]{T06.A.B.04.1.1.MC.1.2}{T06.A.B.04.1.1.MC.1}{section*.6}% 11
\BOOKMARK [2][-]{T06.A.B.04.1.1.MC.2.2}{T06.A.B.04.1.1.MC.2}{section*.6}% 12
\BOOKMARK [2][-]{T06.A.B.04.1.1.MC.3.2}{T06.A.B.04.1.1.MC.3}{section*.6}% 13
\BOOKMARK [2][-]{T06.A.B.04.1.1.MC.4.2}{T06.A.B.04.1.1.MC.4}{section*.6}% 14
\BOOKMARK [2][-]{T06.A.C.04.1.1.FB.1.2}{T06.A.C.04.1.1.FB.1}{section*.6}% 15
\BOOKMARK [2][-]{T06.A.C.04.1.1.FB.2.2}{T06.A.C.04.1.1.FB.2}{section*.6}% 16
\BOOKMARK [2][-]{T06.A.C.04.1.1.FB.3.2}{T06.A.C.04.1.1.FB.3}{section*.6}% 17
\BOOKMARK [2][-]{T06.A.C.04.1.1.FB.4.2}{T06.A.C.04.1.1.FB.4}{section*.6}% 18
\BOOKMARK [2][-]{T06.A.D.04.1.1.FB.1.2}{T06.A.D.04.1.1.FB.1}{section*.6}% 19
\BOOKMARK [2][-]{T06.A.D.04.1.1.FB.2.2}{T06.A.D.04.1.1.FB.2}{section*.6}% 20
\BOOKMARK [2][-]{T06.A.D.04.1.1.FB.3.2}{T06.A.D.04.1.1.FB.3}{section*.6}% 21
\BOOKMARK [2][-]{T06.A.D.04.1.1.FB.4.2}{T06.A.D.04.1.1.FB.4}{section*.6}% 22
\BOOKMARK [2][-]{T06.B.E.01.1.1.MC.compare1.2}{T06.B.E.01.1.1.MC.compare1}{section*.6}% 23
\BOOKMARK [2][-]{T06.B.F.01.1.1.MC.compare2.2}{T06.B.F.01.1.1.MC.compare2}{section*.6}% 24
\BOOKMARK [2][-]{T06.C.G.01.1.1.MC.1.2}{T06.C.G.01.1.1.MC.1}{section*.6}% 25
\BOOKMARK [2][-]{T06.C.H.01.1.1.MC.1.2}{T06.C.H.01.1.1.MC.1}{section*.6}% 26
\BOOKMARK [2][-]{T06.D.I.02.1.1.TF.feet.2}{T06.D.I.02.1.1.TF.feet}{section*.6}% 27
\BOOKMARK [2][-]{T06.D.I.02.1.1.TF.lowtemp.2}{T06.D.I.02.1.1.TF.lowtemp}{section*.6}% 28
\BOOKMARK [2][-]{T06.D.J.04.1.1.TF.gain.2}{T06.D.J.04.1.1.TF.gain}{section*.6}% 29
\BOOKMARK [2][-]{T06.D.J.04.1.1.TF.mpg.2}{T06.D.J.04.1.1.TF.mpg}{section*.6}% 30
\BOOKMARK [2][-]{T06.D.J.04.1.1.TF.blowhole.2}{T06.D.J.04.1.1.TF.blowhole}{section*.6}% 31
\BOOKMARK [2][-]{T06.D.J.04.1.1.TF.CDs.2}{T06.D.J.04.1.1.TF.CDs}{section*.6}% 32
\BOOKMARK [2][-]{T06.E.K.09.3.1.FB.whale1.2}{T06.E.K.09.3.1.FB.whale1}{section*.6}% 33
\BOOKMARK [2][-]{T06.E.K.09.3.1.FB.whale2.2}{T06.E.K.09.3.1.FB.whale2}{section*.6}% 34
\BOOKMARK [2][-]{T06.E.K.09.3.1.FB.whale3.2}{T06.E.K.09.3.1.FB.whale3}{section*.6}% 35
\BOOKMARK [2][-]{T06.E.K.09.3.1.FB.cow1.2}{T06.E.K.09.3.1.FB.cow1}{section*.6}% 36
\BOOKMARK [2][-]{T06.E.K.09.3.1.FB.cow2.2}{T06.E.K.09.3.1.FB.cow2}{section*.6}% 37
\BOOKMARK [2][-]{T06.E.K.09.3.1.FB.cow3.2}{T06.E.K.09.3.1.FB.cow3}{section*.6}% 38
\BOOKMARK [2][-]{T06.E.K.09.3.1.FB.bulbs1.2}{T06.E.K.09.3.1.FB.bulbs1}{section*.6}% 39
\BOOKMARK [2][-]{T06.E.K.09.3.1.FB.bulbs2.2}{T06.E.K.09.3.1.FB.bulbs2}{section*.6}% 40
\BOOKMARK [2][-]{T06.E.K.09.3.1.FB.bulbs3.2}{T06.E.K.09.3.1.FB.bulbs3}{section*.6}% 41
\BOOKMARK [2][-]{T06.E.L.09.3.1.MC.heights1.2}{T06.E.L.09.3.1.MC.heights1}{section*.6}% 42
\BOOKMARK [2][-]{T06.E.L.09.3.1.MC.heights2.2}{T06.E.L.09.3.1.MC.heights2}{section*.6}% 43
\BOOKMARK [2][-]{T06.E.L.09.3.1.MC.heights3.2}{T06.E.L.09.3.1.MC.heights3}{section*.6}% 44
\BOOKMARK [2][-]{T06.E.L.09.3.1.MC.mm1.2}{T06.E.L.09.3.1.MC.mm1}{section*.6}% 45
\BOOKMARK [2][-]{T06.E.L.09.3.1.MC.mm2.2}{T06.E.L.09.3.1.MC.mm2}{section*.6}% 46
\BOOKMARK [2][-]{T06.E.L.09.3.1.MC.mm3.2}{T06.E.L.09.3.1.MC.mm3}{section*.6}% 47
\BOOKMARK [2][-]{T06.E.L.09.3.1.MC.IQ1.2}{T06.E.L.09.3.1.MC.IQ1}{section*.6}% 48
\BOOKMARK [2][-]{T06.E.L.09.3.1.MC.IQ2.2}{T06.E.L.09.3.1.MC.IQ2}{section*.6}% 49
\BOOKMARK [2][-]{T06.E.L.09.3.1.MC.IQ3.2}{T06.E.L.09.3.1.MC.IQ3}{section*.6}% 50
\BOOKMARK [2][-]{T06.F.M.05.1.1.MC.mm1.2}{T06.F.M.05.1.1.MC.mm1}{section*.6}% 51
\BOOKMARK [2][-]{T06.F.M.05.1.1.MC.Bulb1.2}{T06.F.M.05.1.1.MC.Bulb1}{section*.6}% 52
\BOOKMARK [2][-]{T06.F.M.05.1.1.MC.IQ1.2}{T06.F.M.05.1.1.MC.IQ1}{section*.6}% 53
\BOOKMARK [2][-]{T06.F.M.05.1.1.MC.Whale1.2}{T06.F.M.05.1.1.MC.Whale1}{section*.6}% 54
\BOOKMARK [2][-]{T06.F.M.05.1.1.MC.Cow1.2}{T06.F.M.05.1.1.MC.Cow1}{section*.6}% 55
\BOOKMARK [2][-]{T06.F.N.05.1.1.MC.mm2.2}{T06.F.N.05.1.1.MC.mm2}{section*.6}% 56
\BOOKMARK [2][-]{T06.F.N.05.1.1.MC.Bulb2.2}{T06.F.N.05.1.1.MC.Bulb2}{section*.6}% 57
\BOOKMARK [2][-]{T06.F.N.05.1.1.MC.IQ2.2}{T06.F.N.05.1.1.MC.IQ2}{section*.6}% 58
\BOOKMARK [2][-]{T06.F.N.05.1.1.MC.Whale2.2}{T06.F.N.05.1.1.MC.Whale2}{section*.6}% 59
\BOOKMARK [2][-]{T06.F.N.05.1.1.MC.Cow2.2}{T06.F.N.05.1.1.MC.Cow2}{section*.6}% 60
\BOOKMARK [2][-]{T06.F.O.05.1.1.MC.mm3.2}{T06.F.O.05.1.1.MC.mm3}{section*.6}% 61
\BOOKMARK [2][-]{T06.F.O.05.1.1.MC.Bulb3.2}{T06.F.O.05.1.1.MC.Bulb3}{section*.6}% 62
\BOOKMARK [2][-]{T06.F.O.05.1.1.MC.IQ3.2}{T06.F.O.05.1.1.MC.IQ3}{section*.6}% 63
\BOOKMARK [2][-]{T06.F.O.05.1.1.MC.Whale3.2}{T06.F.O.05.1.1.MC.Whale3}{section*.6}% 64
\BOOKMARK [2][-]{T06.F.O.05.1.1.MC.Cow3.2}{T06.F.O.05.1.1.MC.Cow3}{section*.6}% 65
\BOOKMARK [2][-]{T06.F.P.05.1.1.MC.mm4.2}{T06.F.P.05.1.1.MC.mm4}{section*.6}% 66
\BOOKMARK [2][-]{T06.F.P.05.1.1.MC.Bulb4.2}{T06.F.P.05.1.1.MC.Bulb4}{section*.6}% 67
\BOOKMARK [2][-]{T06.F.P.05.1.1.MC.IQ4.2}{T06.F.P.05.1.1.MC.IQ4}{section*.6}% 68
\BOOKMARK [2][-]{T06.F.P.05.1.1.MC.Whale4.2}{T06.F.P.05.1.1.MC.Whale4}{section*.6}% 69
\BOOKMARK [2][-]{T06.F.P.05.1.1.MC.Cow4.2}{T06.F.P.05.1.1.MC.Cow4}{section*.6}% 70
\BOOKMARK [2][-]{T06.F.Q.05.1.1.MC.mm5.2}{T06.F.Q.05.1.1.MC.mm5}{section*.6}% 71
\BOOKMARK [2][-]{T06.F.Q.05.1.1.MC.Bulb5.2}{T06.F.Q.05.1.1.MC.Bulb5}{section*.6}% 72
\BOOKMARK [2][-]{T06.F.Q.05.1.1.MC.IQ5.2}{T06.F.Q.05.1.1.MC.IQ5}{section*.6}% 73
\BOOKMARK [2][-]{T06.F.Q.05.1.1.MC.Whale5.2}{T06.F.Q.05.1.1.MC.Whale5}{section*.6}% 74
\BOOKMARK [2][-]{T06.F.Q.05.1.1.MC.Cow5.2}{T06.F.Q.05.1.1.MC.Cow5}{section*.6}% 75
\BOOKMARK [2][-]{T06.G.R.05.1.1.MC.mm1.2}{T06.G.R.05.1.1.MC.mm1}{section*.6}% 76
\BOOKMARK [2][-]{T06.G.R.05.1.1.MC.Bulb1.2}{T06.G.R.05.1.1.MC.Bulb1}{section*.6}% 77
\BOOKMARK [2][-]{T06.G.R.05.1.1.MC.IQ1.2}{T06.G.R.05.1.1.MC.IQ1}{section*.6}% 78
\BOOKMARK [2][-]{T06.G.R.05.1.1.MC.Whale1.2}{T06.G.R.05.1.1.MC.Whale1}{section*.6}% 79
\BOOKMARK [2][-]{T06.G.R.05.1.1.MC.Cow1.2}{T06.G.R.05.1.1.MC.Cow1}{section*.6}% 80
\BOOKMARK [2][-]{T06.G.S.05.1.1.MC.mm2.2}{T06.G.S.05.1.1.MC.mm2}{section*.6}% 81
\BOOKMARK [2][-]{T06.G.S.05.1.1.MC.Bulb2.2}{T06.G.S.05.1.1.MC.Bulb2}{section*.6}% 82
\BOOKMARK [2][-]{T06.G.S.05.1.1.MC.IQ2.2}{T06.G.S.05.1.1.MC.IQ2}{section*.6}% 83
\BOOKMARK [2][-]{T06.G.S.05.1.1.MC.Whale2.2}{T06.G.S.05.1.1.MC.Whale2}{section*.6}% 84
\BOOKMARK [2][-]{T06.G.S.05.1.1.MC.Cow2.2}{T06.G.S.05.1.1.MC.Cow2}{section*.6}% 85
\BOOKMARK [2][-]{T06.G.T.05.1.1.MC.mm3.2}{T06.G.T.05.1.1.MC.mm3}{section*.6}% 86
\BOOKMARK [2][-]{T06.G.T.05.1.1.MC.Bulb3.2}{T06.G.T.05.1.1.MC.Bulb3}{section*.6}% 87
\BOOKMARK [2][-]{T06.G.T.05.1.1.MC.IQ3.2}{T06.G.T.05.1.1.MC.IQ3}{section*.6}% 88
\BOOKMARK [2][-]{T06.G.T.05.1.1.MC.Whale3.2}{T06.G.T.05.1.1.MC.Whale3}{section*.6}% 89
\BOOKMARK [2][-]{T06.G.T.05.1.1.MC.Cow3.2}{T06.G.T.05.1.1.MC.Cow3}{section*.6}% 90
\BOOKMARK [2][-]{T06.G.U.05.1.1.MC.mm4.2}{T06.G.U.05.1.1.MC.mm4}{section*.6}% 91
\BOOKMARK [2][-]{T06.G.U.05.1.1.MC.Bulb4.2}{T06.G.U.05.1.1.MC.Bulb4}{section*.6}% 92
\BOOKMARK [2][-]{T06.G.U.05.1.1.MC.IQ4.2}{T06.G.U.05.1.1.MC.IQ4}{section*.6}% 93
\BOOKMARK [2][-]{T06.G.U.05.1.1.MC.Whale4.2}{T06.G.U.05.1.1.MC.Whale4}{section*.6}% 94
\BOOKMARK [2][-]{T06.G.U.05.1.1.MC.Cow4.2}{T06.G.U.05.1.1.MC.Cow4}{section*.6}% 95
