\BOOKMARK [1][-]{section*.1}{Overview}{}% 1
\BOOKMARK [1][-]{section*.2}{Learning Outcomes}{}% 2
\BOOKMARK [1][-]{section*.3}{Question Sets}{}% 3
\BOOKMARK [2][-]{subsection*.4}{Questions}{section*.3}% 4
\BOOKMARK [1][-]{section*.5}{Summary of Questions}{}% 5
\BOOKMARK [2][-]{T06.A.A.04.1.1.MC.1.2}{T06.A.A.04.1.1.MC.1}{section*.5}% 6
\BOOKMARK [2][-]{T06.A.A.04.1.1.MC.2.2}{T06.A.A.04.1.1.MC.2}{section*.5}% 7
\BOOKMARK [2][-]{T06.A.A.04.1.1.MC.3.2}{T06.A.A.04.1.1.MC.3}{section*.5}% 8
\BOOKMARK [2][-]{T06.A.A.04.1.1.MC.4.2}{T06.A.A.04.1.1.MC.4}{section*.5}% 9
\BOOKMARK [2][-]{T06.A.B.04.1.1.MC.1.2}{T06.A.B.04.1.1.MC.1}{section*.5}% 10
\BOOKMARK [2][-]{T06.A.B.04.1.1.MC.2.2}{T06.A.B.04.1.1.MC.2}{section*.5}% 11
\BOOKMARK [2][-]{T06.A.B.04.1.1.MC.3.2}{T06.A.B.04.1.1.MC.3}{section*.5}% 12
\BOOKMARK [2][-]{T06.A.B.04.1.1.MC.4.2}{T06.A.B.04.1.1.MC.4}{section*.5}% 13
\BOOKMARK [2][-]{T06.A.C.04.1.1.FB.1.2}{T06.A.C.04.1.1.FB.1}{section*.5}% 14
\BOOKMARK [2][-]{T06.A.C.04.1.1.FB.2.2}{T06.A.C.04.1.1.FB.2}{section*.5}% 15
\BOOKMARK [2][-]{T06.A.C.04.1.1.FB.3.2}{T06.A.C.04.1.1.FB.3}{section*.5}% 16
\BOOKMARK [2][-]{T06.A.C.04.1.1.FB.4.2}{T06.A.C.04.1.1.FB.4}{section*.5}% 17
\BOOKMARK [2][-]{T06.A.D.04.1.1.FB.1.2}{T06.A.D.04.1.1.FB.1}{section*.5}% 18
\BOOKMARK [2][-]{T06.A.D.04.1.1.FB.2.2}{T06.A.D.04.1.1.FB.2}{section*.5}% 19
\BOOKMARK [2][-]{T06.A.D.04.1.1.FB.3.2}{T06.A.D.04.1.1.FB.3}{section*.5}% 20
\BOOKMARK [2][-]{T06.A.D.04.1.1.FB.4.2}{T06.A.D.04.1.1.FB.4}{section*.5}% 21
\BOOKMARK [2][-]{T06.B.E.01.1.1.MC.compare1.2}{T06.B.E.01.1.1.MC.compare1}{section*.5}% 22
\BOOKMARK [2][-]{T06.B.F.01.1.1.MC.compare2.2}{T06.B.F.01.1.1.MC.compare2}{section*.5}% 23
\BOOKMARK [2][-]{T06.C.G.01.1.1.MC.1.2}{T06.C.G.01.1.1.MC.1}{section*.5}% 24
\BOOKMARK [2][-]{T06.C.H.01.1.1.MC.1.2}{T06.C.H.01.1.1.MC.1}{section*.5}% 25
\BOOKMARK [2][-]{T06.D.I.02.1.1.TF.feet.2}{T06.D.I.02.1.1.TF.feet}{section*.5}% 26
\BOOKMARK [2][-]{T06.D.I.02.1.1.TF.lowtemp.2}{T06.D.I.02.1.1.TF.lowtemp}{section*.5}% 27
\BOOKMARK [2][-]{T06.D.J.04.1.1.TF.gain.2}{T06.D.J.04.1.1.TF.gain}{section*.5}% 28
\BOOKMARK [2][-]{T06.D.J.04.1.1.TF.mpg.2}{T06.D.J.04.1.1.TF.mpg}{section*.5}% 29
\BOOKMARK [2][-]{T06.D.J.04.1.1.TF.blowhole.2}{T06.D.J.04.1.1.TF.blowhole}{section*.5}% 30
\BOOKMARK [2][-]{T06.D.J.04.1.1.TF.CDs.2}{T06.D.J.04.1.1.TF.CDs}{section*.5}% 31
\BOOKMARK [2][-]{T06.E.K.09.3.1.FB.whale1.2}{T06.E.K.09.3.1.FB.whale1}{section*.5}% 32
\BOOKMARK [2][-]{T06.E.K.09.3.1.FB.whale2.2}{T06.E.K.09.3.1.FB.whale2}{section*.5}% 33
\BOOKMARK [2][-]{T06.E.K.09.3.1.FB.whale3.2}{T06.E.K.09.3.1.FB.whale3}{section*.5}% 34
\BOOKMARK [2][-]{T06.E.K.09.3.1.FB.cow1.2}{T06.E.K.09.3.1.FB.cow1}{section*.5}% 35
\BOOKMARK [2][-]{T06.E.K.09.3.1.FB.cow2.2}{T06.E.K.09.3.1.FB.cow2}{section*.5}% 36
\BOOKMARK [2][-]{T06.E.K.09.3.1.FB.cow3.2}{T06.E.K.09.3.1.FB.cow3}{section*.5}% 37
\BOOKMARK [2][-]{T06.E.K.09.3.1.FB.bulbs1.2}{T06.E.K.09.3.1.FB.bulbs1}{section*.5}% 38
\BOOKMARK [2][-]{T06.E.K.09.3.1.FB.bulbs2.2}{T06.E.K.09.3.1.FB.bulbs2}{section*.5}% 39
\BOOKMARK [2][-]{T06.E.K.09.3.1.FB.bulbs3.2}{T06.E.K.09.3.1.FB.bulbs3}{section*.5}% 40
\BOOKMARK [2][-]{T06.E.L.09.3.1.MC.heights1.2}{T06.E.L.09.3.1.MC.heights1}{section*.5}% 41
\BOOKMARK [2][-]{T06.E.L.09.3.1.MC.heights2.2}{T06.E.L.09.3.1.MC.heights2}{section*.5}% 42
\BOOKMARK [2][-]{T06.E.L.09.3.1.MC.heights3.2}{T06.E.L.09.3.1.MC.heights3}{section*.5}% 43
\BOOKMARK [2][-]{T06.E.L.09.3.1.MC.mm1.2}{T06.E.L.09.3.1.MC.mm1}{section*.5}% 44
\BOOKMARK [2][-]{T06.E.L.09.3.1.MC.mm2.2}{T06.E.L.09.3.1.MC.mm2}{section*.5}% 45
\BOOKMARK [2][-]{T06.E.L.09.3.1.MC.mm3.2}{T06.E.L.09.3.1.MC.mm3}{section*.5}% 46
\BOOKMARK [2][-]{T06.E.L.09.3.1.MC.IQ1.2}{T06.E.L.09.3.1.MC.IQ1}{section*.5}% 47
\BOOKMARK [2][-]{T06.E.L.09.3.1.MC.IQ2.2}{T06.E.L.09.3.1.MC.IQ2}{section*.5}% 48
\BOOKMARK [2][-]{T06.E.L.09.3.1.MC.IQ3.2}{T06.E.L.09.3.1.MC.IQ3}{section*.5}% 49
\BOOKMARK [2][-]{T06.F.M.05.1.1.MC.mm1.2}{T06.F.M.05.1.1.MC.mm1}{section*.5}% 50
\BOOKMARK [2][-]{T06.F.M.05.1.1.MC.Bulb1.2}{T06.F.M.05.1.1.MC.Bulb1}{section*.5}% 51
\BOOKMARK [2][-]{T06.F.M.05.1.1.MC.IQ1.2}{T06.F.M.05.1.1.MC.IQ1}{section*.5}% 52
\BOOKMARK [2][-]{T06.F.M.05.1.1.MC.Whale1.2}{T06.F.M.05.1.1.MC.Whale1}{section*.5}% 53
\BOOKMARK [2][-]{T06.F.M.05.1.1.MC.Cow1.2}{T06.F.M.05.1.1.MC.Cow1}{section*.5}% 54
\BOOKMARK [2][-]{T06.F.N.05.1.1.MC.mm2.2}{T06.F.N.05.1.1.MC.mm2}{section*.5}% 55
\BOOKMARK [2][-]{T06.F.N.05.1.1.MC.Bulb2.2}{T06.F.N.05.1.1.MC.Bulb2}{section*.5}% 56
\BOOKMARK [2][-]{T06.F.N.05.1.1.MC.IQ2.2}{T06.F.N.05.1.1.MC.IQ2}{section*.5}% 57
\BOOKMARK [2][-]{T06.F.N.05.1.1.MC.Whale2.2}{T06.F.N.05.1.1.MC.Whale2}{section*.5}% 58
\BOOKMARK [2][-]{T06.F.N.05.1.1.MC.Cow2.2}{T06.F.N.05.1.1.MC.Cow2}{section*.5}% 59
\BOOKMARK [2][-]{T06.F.O.05.1.1.MC.mm3.2}{T06.F.O.05.1.1.MC.mm3}{section*.5}% 60
\BOOKMARK [2][-]{T06.F.O.05.1.1.MC.Bulb3.2}{T06.F.O.05.1.1.MC.Bulb3}{section*.5}% 61
\BOOKMARK [2][-]{T06.F.O.05.1.1.MC.IQ3.2}{T06.F.O.05.1.1.MC.IQ3}{section*.5}% 62
\BOOKMARK [2][-]{T06.F.O.05.1.1.MC.Whale3.2}{T06.F.O.05.1.1.MC.Whale3}{section*.5}% 63
\BOOKMARK [2][-]{T06.F.O.05.1.1.MC.Cow3.2}{T06.F.O.05.1.1.MC.Cow3}{section*.5}% 64
\BOOKMARK [2][-]{T06.F.P.05.1.1.MC.mm4.2}{T06.F.P.05.1.1.MC.mm4}{section*.5}% 65
\BOOKMARK [2][-]{T06.F.P.05.1.1.MC.Bulb4.2}{T06.F.P.05.1.1.MC.Bulb4}{section*.5}% 66
\BOOKMARK [2][-]{T06.F.P.05.1.1.MC.IQ4.2}{T06.F.P.05.1.1.MC.IQ4}{section*.5}% 67
\BOOKMARK [2][-]{T06.F.P.05.1.1.MC.Whale4.2}{T06.F.P.05.1.1.MC.Whale4}{section*.5}% 68
\BOOKMARK [2][-]{T06.F.P.05.1.1.MC.Cow4.2}{T06.F.P.05.1.1.MC.Cow4}{section*.5}% 69
\BOOKMARK [2][-]{T06.F.Q.05.1.1.MC.mm5.2}{T06.F.Q.05.1.1.MC.mm5}{section*.5}% 70
\BOOKMARK [2][-]{T06.F.Q.05.1.1.MC.Bulb5.2}{T06.F.Q.05.1.1.MC.Bulb5}{section*.5}% 71
\BOOKMARK [2][-]{T06.F.Q.05.1.1.MC.IQ5.2}{T06.F.Q.05.1.1.MC.IQ5}{section*.5}% 72
\BOOKMARK [2][-]{T06.F.Q.05.1.1.MC.Whale5.2}{T06.F.Q.05.1.1.MC.Whale5}{section*.5}% 73
\BOOKMARK [2][-]{T06.F.Q.05.1.1.MC.Cow5.2}{T06.F.Q.05.1.1.MC.Cow5}{section*.5}% 74
\BOOKMARK [2][-]{T06.G.R.05.1.1.MC.mm1.2}{T06.G.R.05.1.1.MC.mm1}{section*.5}% 75
\BOOKMARK [2][-]{T06.G.R.05.1.1.MC.Bulb1.2}{T06.G.R.05.1.1.MC.Bulb1}{section*.5}% 76
\BOOKMARK [2][-]{T06.G.R.05.1.1.MC.IQ1.2}{T06.G.R.05.1.1.MC.IQ1}{section*.5}% 77
\BOOKMARK [2][-]{T06.G.R.05.1.1.MC.Whale1.2}{T06.G.R.05.1.1.MC.Whale1}{section*.5}% 78
\BOOKMARK [2][-]{T06.G.R.05.1.1.MC.Cow1.2}{T06.G.R.05.1.1.MC.Cow1}{section*.5}% 79
\BOOKMARK [2][-]{T06.G.S.05.1.1.MC.mm2.2}{T06.G.S.05.1.1.MC.mm2}{section*.5}% 80
\BOOKMARK [2][-]{T06.G.S.05.1.1.MC.Bulb2.2}{T06.G.S.05.1.1.MC.Bulb2}{section*.5}% 81
\BOOKMARK [2][-]{T06.G.S.05.1.1.MC.IQ2.2}{T06.G.S.05.1.1.MC.IQ2}{section*.5}% 82
\BOOKMARK [2][-]{T06.G.S.05.1.1.MC.Whale2.2}{T06.G.S.05.1.1.MC.Whale2}{section*.5}% 83
\BOOKMARK [2][-]{T06.G.S.05.1.1.MC.Cow2.2}{T06.G.S.05.1.1.MC.Cow2}{section*.5}% 84
\BOOKMARK [2][-]{T06.G.T.05.1.1.MC.mm3.2}{T06.G.T.05.1.1.MC.mm3}{section*.5}% 85
\BOOKMARK [2][-]{T06.G.T.05.1.1.MC.Bulb3.2}{T06.G.T.05.1.1.MC.Bulb3}{section*.5}% 86
\BOOKMARK [2][-]{T06.G.T.05.1.1.MC.IQ3.2}{T06.G.T.05.1.1.MC.IQ3}{section*.5}% 87
\BOOKMARK [2][-]{T06.G.T.05.1.1.MC.Whale3.2}{T06.G.T.05.1.1.MC.Whale3}{section*.5}% 88
\BOOKMARK [2][-]{T06.G.T.05.1.1.MC.Cow3.2}{T06.G.T.05.1.1.MC.Cow3}{section*.5}% 89
\BOOKMARK [2][-]{T06.G.U.05.1.1.MC.mm4.2}{T06.G.U.05.1.1.MC.mm4}{section*.5}% 90
\BOOKMARK [2][-]{T06.G.U.05.1.1.MC.Bulb4.2}{T06.G.U.05.1.1.MC.Bulb4}{section*.5}% 91
\BOOKMARK [2][-]{T06.G.U.05.1.1.MC.IQ4.2}{T06.G.U.05.1.1.MC.IQ4}{section*.5}% 92
\BOOKMARK [2][-]{T06.G.U.05.1.1.MC.Whale4.2}{T06.G.U.05.1.1.MC.Whale4}{section*.5}% 93
\BOOKMARK [2][-]{T06.G.U.05.1.1.MC.Cow4.2}{T06.G.U.05.1.1.MC.Cow4}{section*.5}% 94
\BOOKMARK [1][-]{section*.6}{Acknowledgement}{}% 95
