This is pdfTeX, Version 3.14159265-2.6-1.40.16 (TeX Live 2015) (preloaded format=pdflatex 2015.5.24)  9 APR 2016 18:38
entering extended mode
 restricted \write18 enabled.
 %&-line parsing enabled.
**\nonstopmode \input ./ePort.tex
(./ePort.tex (/usr/local/texlive/2015/texmf-dist/tex/latex/base/article.cls
Document Class: article 2014/09/29 v1.4h Standard LaTeX document class
(/usr/local/texlive/2015/texmf-dist/tex/latex/base/size10.clo
File: size10.clo 2014/09/29 v1.4h Standard LaTeX file (size option)
)
\c@part=\count79
\c@section=\count80
\c@subsection=\count81
\c@subsubsection=\count82
\c@paragraph=\count83
\c@subparagraph=\count84
\c@figure=\count85
\c@table=\count86
\abovecaptionskip=\skip41
\belowcaptionskip=\skip42
\bibindent=\dimen102
)
(/usr/local/texlive/2015/texmf-dist/tex/latex/graphics/graphicx.sty
Package: graphicx 2014/10/28 v1.0g Enhanced LaTeX Graphics (DPC,SPQR)

(/usr/local/texlive/2015/texmf-dist/tex/latex/graphics/keyval.sty
Package: keyval 2014/10/28 v1.15 key=value parser (DPC)
\KV@toks@=\toks14
)
(/usr/local/texlive/2015/texmf-dist/tex/latex/graphics/graphics.sty
Package: graphics 2014/10/28 v1.0p Standard LaTeX Graphics (DPC,SPQR)

(/usr/local/texlive/2015/texmf-dist/tex/latex/graphics/trig.sty
Package: trig 1999/03/16 v1.09 sin cos tan (DPC)
)
(/usr/local/texlive/2015/texmf-dist/tex/latex/latexconfig/graphics.cfg
File: graphics.cfg 2010/04/23 v1.9 graphics configuration of TeX Live
)
Package graphics Info: Driver file: pdftex.def on input line 94.

(/usr/local/texlive/2015/texmf-dist/tex/latex/pdftex-def/pdftex.def
File: pdftex.def 2011/05/27 v0.06d Graphics/color for pdfTeX

(/usr/local/texlive/2015/texmf-dist/tex/generic/oberdiek/infwarerr.sty
Package: infwarerr 2010/04/08 v1.3 Providing info/warning/error messages (HO)
)
(/usr/local/texlive/2015/texmf-dist/tex/generic/oberdiek/ltxcmds.sty
Package: ltxcmds 2011/11/09 v1.22 LaTeX kernel commands for general use (HO)
)
\Gread@gobject=\count87
))
\Gin@req@height=\dimen103
\Gin@req@width=\dimen104
)
(/usr/local/texlive/2015/texmf-dist/tex/latex/graphics/color.sty
Package: color 2014/10/28 v1.1a Standard LaTeX Color (DPC)

(/usr/local/texlive/2015/texmf-dist/tex/latex/latexconfig/color.cfg
File: color.cfg 2007/01/18 v1.5 color configuration of teTeX/TeXLive
)
Package color Info: Driver file: pdftex.def on input line 142.
)
(/usr/local/texlive/2015/texmf-dist/tex/latex/framed/framed.sty
Package: framed 2011/10/22 v 0.96: framed or shaded text with page breaks
\OuterFrameSep=\skip43
\fb@frw=\dimen105
\fb@frh=\dimen106
\FrameRule=\dimen107
\FrameSep=\dimen108
)
(/usr/local/texlive/2015/texmf-dist/tex/latex/base/alltt.sty
Package: alltt 1997/06/16 v2.0g defines alltt environment
)
(/usr/local/texlive/2015/texmf-dist/tex/latex/tabu/tabu.sty
Package: tabu 2011/02/26 v2.8 - flexible LaTeX tabulars (FC)

(/usr/local/texlive/2015/texmf-dist/tex/latex/tools/array.sty
Package: array 2014/10/28 v2.4c Tabular extension package (FMi)
\col@sep=\dimen109
\extrarowheight=\dimen110
\NC@list=\toks15
\extratabsurround=\skip44
\backup@length=\skip45
)
(/usr/local/texlive/2015/texmf-dist/tex/latex/varwidth/varwidth.sty
Package: varwidth 2009/03/30 ver 0.92;  Variable-width minipages
\@vwid@box=\box26
\sift@deathcycles=\count88
\@vwid@loff=\dimen111
\@vwid@roff=\dimen112
)
\c@taburow=\count89
\tabu@nbcols=\count90
\tabu@cnt=\count91
\tabu@Xcol=\count92
\tabu@alloc=\count93
\tabu@nested=\count94
\tabu@target=\dimen113
\tabu@spreadtarget=\dimen114
\tabu@naturalX=\dimen115
\tabucolX=\dimen116
\tabu@Xsum=\dimen117
\extrarowdepth=\dimen118
\abovetabulinesep=\dimen119
\belowtabulinesep=\dimen120
\tabustrutrule=\dimen121
\tabu@thebody=\toks16
\tabu@footnotes=\toks17
\tabu@box=\box27
\tabu@arstrutbox=\box28
\tabu@hleads=\box29
\tabu@vleads=\box30
\tabu@cellskip=\skip46
)
(/usr/local/texlive/2015/texmf-dist/tex/latex/natbib/natbib.sty
Package: natbib 2010/09/13 8.31b (PWD, AO)
\bibhang=\skip47
\bibsep=\skip48
LaTeX Info: Redefining \cite on input line 694.
\c@NAT@ctr=\count95
)
(/usr/local/texlive/2015/texmf-dist/tex/latex/base/fixltx2e.sty
Package: fixltx2e 2015/02/21 v2.0a fixes to LaTeX (obsolete)


Package fixltx2e Warning: fixltx2e is not required with releases after 2015
(fixltx2e)                All fixes are now in the LaTeX kernel.
(fixltx2e)                See the latexrelease package for details.

) (/usr/local/texlive/2015/texmf-dist/tex/latex/float/float.sty
Package: float 2001/11/08 v1.3d Float enhancements (AL)
\c@float@type=\count96
\float@exts=\toks18
\float@box=\box31
\@float@everytoks=\toks19
\@floatcapt=\box32
)
(/usr/local/texlive/2015/texmf-dist/tex/latex/subfig/subfig.sty
Package: subfig 2005/06/28 ver: 1.3 subfig package

(/usr/local/texlive/2015/texmf-dist/tex/latex/caption/caption.sty
Package: caption 2013/05/02 v3.3-89 Customizing captions (AR)

(/usr/local/texlive/2015/texmf-dist/tex/latex/caption/caption3.sty
Package: caption3 2013/05/02 v1.6-88 caption3 kernel (AR)
Package caption3 Info: TeX engine: e-TeX on input line 57.
\captionmargin=\dimen122
\captionmargin@=\dimen123
\captionwidth=\dimen124
\caption@tempdima=\dimen125
\caption@indent=\dimen126
\caption@parindent=\dimen127
\caption@hangindent=\dimen128
)
\c@ContinuedFloat=\count97
Package caption Info: float package is loaded.
)
\c@KVtest=\count98
\sf@farskip=\skip49
\sf@captopadj=\dimen129
\sf@capskip=\skip50
\sf@nearskip=\skip51
\c@subfigure=\count99
\c@subfigure@save=\count100
\c@lofdepth=\count101
\c@subtable=\count102
\c@subtable@save=\count103
\c@lotdepth=\count104
\sf@top=\skip52
\sf@bottom=\skip53
)
(/usr/local/texlive/2015/texmf-dist/tex/latex/tools/verbatim.sty
Package: verbatim 2014/10/28 v1.5q LaTeX2e package for verbatim enhancements
\every@verbatim=\toks20
\verbatim@line=\toks21
\verbatim@in@stream=\read1
)
(/usr/local/texlive/2015/texmf-dist/tex/latex/hyperref/hyperref.sty
Package: hyperref 2012/11/06 v6.83m Hypertext links for LaTeX

(/usr/local/texlive/2015/texmf-dist/tex/generic/oberdiek/hobsub-hyperref.sty
Package: hobsub-hyperref 2012/05/28 v1.13 Bundle oberdiek, subset hyperref (HO)


(/usr/local/texlive/2015/texmf-dist/tex/generic/oberdiek/hobsub-generic.sty
Package: hobsub-generic 2012/05/28 v1.13 Bundle oberdiek, subset generic (HO)
Package: hobsub 2012/05/28 v1.13 Construct package bundles (HO)
Package hobsub Info: Skipping package `infwarerr' (already loaded).
Package hobsub Info: Skipping package `ltxcmds' (already loaded).
Package: ifluatex 2010/03/01 v1.3 Provides the ifluatex switch (HO)
Package ifluatex Info: LuaTeX not detected.
Package: ifvtex 2010/03/01 v1.5 Detect VTeX and its facilities (HO)
Package ifvtex Info: VTeX not detected.
Package: intcalc 2007/09/27 v1.1 Expandable calculations with integers (HO)
Package: ifpdf 2011/01/30 v2.3 Provides the ifpdf switch (HO)
Package ifpdf Info: pdfTeX in PDF mode is detected.
Package: etexcmds 2011/02/16 v1.5 Avoid name clashes with e-TeX commands (HO)
Package etexcmds Info: Could not find \expanded.
(etexcmds)             That can mean that you are not using pdfTeX 1.50 or
(etexcmds)             that some package has redefined \expanded.
(etexcmds)             In the latter case, load this package earlier.
Package: kvsetkeys 2012/04/25 v1.16 Key value parser (HO)
Package: kvdefinekeys 2011/04/07 v1.3 Define keys (HO)
Package: pdftexcmds 2011/11/29 v0.20 Utility functions of pdfTeX for LuaTeX (HO
)
Package pdftexcmds Info: LuaTeX not detected.
Package pdftexcmds Info: \pdf@primitive is available.
Package pdftexcmds Info: \pdf@ifprimitive is available.
Package pdftexcmds Info: \pdfdraftmode found.
Package: pdfescape 2011/11/25 v1.13 Implements pdfTeX's escape features (HO)
Package: bigintcalc 2012/04/08 v1.3 Expandable calculations on big integers (HO
)
Package: bitset 2011/01/30 v1.1 Handle bit-vector datatype (HO)
Package: uniquecounter 2011/01/30 v1.2 Provide unlimited unique counter (HO)
)
Package hobsub Info: Skipping package `hobsub' (already loaded).
Package: letltxmacro 2010/09/02 v1.4 Let assignment for LaTeX macros (HO)
Package: hopatch 2012/05/28 v1.2 Wrapper for package hooks (HO)
Package: xcolor-patch 2011/01/30 xcolor patch
Package: atveryend 2011/06/30 v1.8 Hooks at the very end of document (HO)
Package atveryend Info: \enddocument detected (standard20110627).
Package: atbegshi 2011/10/05 v1.16 At begin shipout hook (HO)
Package: refcount 2011/10/16 v3.4 Data extraction from label references (HO)
Package: hycolor 2011/01/30 v1.7 Color options for hyperref/bookmark (HO)
)
(/usr/local/texlive/2015/texmf-dist/tex/generic/ifxetex/ifxetex.sty
Package: ifxetex 2010/09/12 v0.6 Provides ifxetex conditional
)
(/usr/local/texlive/2015/texmf-dist/tex/latex/oberdiek/auxhook.sty
Package: auxhook 2011/03/04 v1.3 Hooks for auxiliary files (HO)
)
(/usr/local/texlive/2015/texmf-dist/tex/latex/oberdiek/kvoptions.sty
Package: kvoptions 2011/06/30 v3.11 Key value format for package options (HO)
)
\@linkdim=\dimen130
\Hy@linkcounter=\count105
\Hy@pagecounter=\count106

(/usr/local/texlive/2015/texmf-dist/tex/latex/hyperref/pd1enc.def
File: pd1enc.def 2012/11/06 v6.83m Hyperref: PDFDocEncoding definition (HO)
)
\Hy@SavedSpaceFactor=\count107

(/usr/local/texlive/2015/texmf-dist/tex/latex/latexconfig/hyperref.cfg
File: hyperref.cfg 2002/06/06 v1.2 hyperref configuration of TeXLive
)
Package hyperref Info: Option `colorlinks' set `true' on input line 4319.
Package hyperref Info: Hyper figures OFF on input line 4443.
Package hyperref Info: Link nesting OFF on input line 4448.
Package hyperref Info: Hyper index ON on input line 4451.
Package hyperref Info: Plain pages OFF on input line 4458.
Package hyperref Info: Backreferencing OFF on input line 4463.
Package hyperref Info: Implicit mode ON; LaTeX internals redefined.
Package hyperref Info: Bookmarks ON on input line 4688.
\c@Hy@tempcnt=\count108

(/usr/local/texlive/2015/texmf-dist/tex/latex/url/url.sty
\Urlmuskip=\muskip10
Package: url 2013/09/16  ver 3.4  Verb mode for urls, etc.
)
LaTeX Info: Redefining \url on input line 5041.
\XeTeXLinkMargin=\dimen131
\Fld@menulength=\count109
\Field@Width=\dimen132
\Fld@charsize=\dimen133
Package hyperref Info: Hyper figures OFF on input line 6295.
Package hyperref Info: Link nesting OFF on input line 6300.
Package hyperref Info: Hyper index ON on input line 6303.
Package hyperref Info: backreferencing OFF on input line 6310.
Package hyperref Info: Link coloring ON on input line 6313.
Package hyperref Info: Link coloring with OCG OFF on input line 6320.
Package hyperref Info: PDF/A mode OFF on input line 6325.
LaTeX Info: Redefining \ref on input line 6365.
LaTeX Info: Redefining \pageref on input line 6369.
\Hy@abspage=\count110
\c@Item=\count111
\c@Hfootnote=\count112
)

Package hyperref Message: Driver (autodetected): hpdftex.

(/usr/local/texlive/2015/texmf-dist/tex/latex/hyperref/hpdftex.def
File: hpdftex.def 2012/11/06 v6.83m Hyperref driver for pdfTeX
\Fld@listcount=\count113
\c@bookmark@seq@number=\count114

(/usr/local/texlive/2015/texmf-dist/tex/latex/oberdiek/rerunfilecheck.sty
Package: rerunfilecheck 2011/04/15 v1.7 Rerun checks for auxiliary files (HO)
Package uniquecounter Info: New unique counter `rerunfilecheck' on input line 2
82.
)
\Hy@SectionHShift=\skip54
)
(/usr/local/texlive/2015/texmf-dist/tex/latex/amsfonts/amssymb.sty
Package: amssymb 2013/01/14 v3.01 AMS font symbols

(/usr/local/texlive/2015/texmf-dist/tex/latex/amsfonts/amsfonts.sty
Package: amsfonts 2013/01/14 v3.01 Basic AMSFonts support
\@emptytoks=\toks22
\symAMSa=\mathgroup4
\symAMSb=\mathgroup5
LaTeX Font Info:    Overwriting math alphabet `\mathfrak' in version `bold'
(Font)                  U/euf/m/n --> U/euf/b/n on input line 106.
))
(/usr/local/texlive/2015/texmf-dist/tex/latex/amsmath/amsbsy.sty
Package: amsbsy 1999/11/29 v1.2d

(/usr/local/texlive/2015/texmf-dist/tex/latex/amsmath/amsgen.sty
File: amsgen.sty 1999/11/30 v2.0
\@emptytoks=\toks23
\ex@=\dimen134
)
\pmbraise@=\dimen135
)
(/usr/local/texlive/2015/texmf-dist/tex/latex/amsmath/amsmath.sty
Package: amsmath 2013/01/14 v2.14 AMS math features
\@mathmargin=\skip55

For additional information on amsmath, use the `?' option.
(/usr/local/texlive/2015/texmf-dist/tex/latex/amsmath/amstext.sty
Package: amstext 2000/06/29 v2.01
)
(/usr/local/texlive/2015/texmf-dist/tex/latex/amsmath/amsopn.sty
Package: amsopn 1999/12/14 v2.01 operator names
)
\inf@bad=\count115
LaTeX Info: Redefining \frac on input line 210.
\uproot@=\count116
\leftroot@=\count117
LaTeX Info: Redefining \overline on input line 306.
\classnum@=\count118
\DOTSCASE@=\count119
LaTeX Info: Redefining \ldots on input line 378.
LaTeX Info: Redefining \dots on input line 381.
LaTeX Info: Redefining \cdots on input line 466.
\Mathstrutbox@=\box33
\strutbox@=\box34
\big@size=\dimen136
LaTeX Font Info:    Redeclaring font encoding OML on input line 566.
LaTeX Font Info:    Redeclaring font encoding OMS on input line 567.
\macc@depth=\count120
\c@MaxMatrixCols=\count121
\dotsspace@=\muskip11
\c@parentequation=\count122
\dspbrk@lvl=\count123
\tag@help=\toks24
\row@=\count124
\column@=\count125
\maxfields@=\count126
\andhelp@=\toks25
\eqnshift@=\dimen137
\alignsep@=\dimen138
\tagshift@=\dimen139
\tagwidth@=\dimen140
\totwidth@=\dimen141
\lineht@=\dimen142
\@envbody=\toks26
\multlinegap=\skip56
\multlinetaggap=\skip57
\mathdisplay@stack=\toks27
LaTeX Info: Redefining \[ on input line 2665.
LaTeX Info: Redefining \] on input line 2666.
)
(/usr/local/texlive/2015/texmf-dist/tex/latex/graphics/epsfig.sty
Package: epsfig 1999/02/16 v1.7a (e)psfig emulation (SPQR)
\epsfxsize=\dimen143
\epsfysize=\dimen144
)
(/usr/local/texlive/2015/texmf-dist/tex/latex/geometry/geometry.sty
Package: geometry 2010/09/12 v5.6 Page Geometry
\Gm@cnth=\count127
\Gm@cntv=\count128
\c@Gm@tempcnt=\count129
\Gm@bindingoffset=\dimen145
\Gm@wd@mp=\dimen146
\Gm@odd@mp=\dimen147
\Gm@even@mp=\dimen148
\Gm@layoutwidth=\dimen149
\Gm@layoutheight=\dimen150
\Gm@layouthoffset=\dimen151
\Gm@layoutvoffset=\dimen152
\Gm@dimlist=\toks28
)
(/usr/local/texlive/2015/texmf-dist/tex/latex/fancyhdr/fancyhdr.sty
\fancy@headwidth=\skip58
\f@ncyO@elh=\skip59
\f@ncyO@erh=\skip60
\f@ncyO@olh=\skip61
\f@ncyO@orh=\skip62
\f@ncyO@elf=\skip63
\f@ncyO@erf=\skip64
\f@ncyO@olf=\skip65
\f@ncyO@orf=\skip66
)
(/usr/local/texlive/2015/texmf-dist/tex/latex/adjustbox/adjustbox.sty
Package: adjustbox 2012/05/21 v1.0 Adjusting TeX boxes (trim, clip, ...)

(/usr/local/texlive/2015/texmf-dist/tex/latex/xkeyval/xkeyval.sty
Package: xkeyval 2014/12/03 v2.7a package option processing (HA)

(/usr/local/texlive/2015/texmf-dist/tex/generic/xkeyval/xkeyval.tex
(/usr/local/texlive/2015/texmf-dist/tex/generic/xkeyval/xkvutils.tex
\XKV@toks=\toks29
\XKV@tempa@toks=\toks30
)
\XKV@depth=\count130
File: xkeyval.tex 2014/12/03 v2.7a key=value parser (HA)
))
(/usr/local/texlive/2015/texmf-dist/tex/latex/adjustbox/adjcalc.sty
Package: adjcalc 2012/05/16 v1.1 Provides advanced setlength with multiple back
-ends (calc, etex, pgfmath)
)
(/usr/local/texlive/2015/texmf-dist/tex/latex/adjustbox/trimclip.sty
Package: trimclip 2012/05/16 v1.0 Trim and clip general TeX material

(/usr/local/texlive/2015/texmf-dist/tex/latex/collectbox/collectbox.sty
Package: collectbox 2012/05/17 v0.4b Collect macro arguments as boxes
\collectedbox=\box35
)
\tc@llx=\dimen153
\tc@lly=\dimen154
\tc@urx=\dimen155
\tc@ury=\dimen156
Package trimclip Info: Using driver 'tc-pdftex.def'.

(/usr/local/texlive/2015/texmf-dist/tex/latex/adjustbox/tc-pdftex.def
File: tc-pdftex.def 2012/05/13 v1.0 Clipping driver for pdftex
))
\adjbox@Width=\dimen157
\adjbox@Height=\dimen158
\adjbox@Depth=\dimen159
\adjbox@Totalheight=\dimen160

(/usr/local/texlive/2015/texmf-dist/tex/latex/ifoddpage/ifoddpage.sty
Package: ifoddpage 2011/09/13 v1.0 Conditionals for odd/even page detection
\c@checkoddpage=\count131
))
(/usr/local/texlive/2015/texmf-dist/tex/latex/enumitem/enumitem.sty
Package: enumitem 2011/09/28 v3.5.2 Customized lists
\labelindent=\skip67
\enit@outerparindent=\dimen161
\enit@toks=\toks31
\enit@inbox=\box36
\enitdp@description=\count132
)
(/usr/local/texlive/2015/texmf-dist/tex/latex/xcolor/xcolor.sty
Package: xcolor 2007/01/21 v2.11 LaTeX color extensions (UK)

(/usr/local/texlive/2015/texmf-dist/tex/latex/latexconfig/color.cfg
File: color.cfg 2007/01/18 v1.5 color configuration of teTeX/TeXLive
)
Package xcolor Info: Driver file: pdftex.def on input line 225.
LaTeX Info: Redefining \color on input line 702.
Package xcolor Info: Model `cmy' substituted by `cmy0' on input line 1337.
Package xcolor Info: Model `hsb' substituted by `rgb' on input line 1341.
Package xcolor Info: Model `RGB' extended on input line 1353.
Package xcolor Info: Model `HTML' substituted by `rgb' on input line 1355.
Package xcolor Info: Model `Hsb' substituted by `hsb' on input line 1356.
Package xcolor Info: Model `tHsb' substituted by `hsb' on input line 1357.
Package xcolor Info: Model `HSB' substituted by `hsb' on input line 1358.
Package xcolor Info: Model `Gray' substituted by `gray' on input line 1359.
Package xcolor Info: Model `wave' substituted by `hsb' on input line 1360.

(/usr/local/texlive/2015/texmf-dist/tex/latex/graphics/dvipsnam.def
File: dvipsnam.def 2014/10/14 v3.0j Driver-dependent file (DPC,SPQR)
))
(/usr/local/texlive/2015/texmf-dist/tex/latex/upquote/upquote.sty
Package: upquote 2012/04/19 v1.3 upright-quote and grave-accent glyphs in verba
tim
) (./ePort.aux)
\openout1 = `ePort.aux'.

LaTeX Font Info:    Checking defaults for OML/cmm/m/it on input line 91.
LaTeX Font Info:    ... okay on input line 91.
LaTeX Font Info:    Checking defaults for T1/cmr/m/n on input line 91.
LaTeX Font Info:    ... okay on input line 91.
LaTeX Font Info:    Checking defaults for OT1/cmr/m/n on input line 91.
LaTeX Font Info:    ... okay on input line 91.
LaTeX Font Info:    Checking defaults for OMS/cmsy/m/n on input line 91.
LaTeX Font Info:    ... okay on input line 91.
LaTeX Font Info:    Checking defaults for OMX/cmex/m/n on input line 91.
LaTeX Font Info:    ... okay on input line 91.
LaTeX Font Info:    Checking defaults for U/cmr/m/n on input line 91.
LaTeX Font Info:    ... okay on input line 91.
LaTeX Font Info:    Checking defaults for PD1/pdf/m/n on input line 91.
LaTeX Font Info:    ... okay on input line 91.
 (/usr/local/texlive/2015/texmf-dist/tex/context/base/supp-pdf.mkii
[Loading MPS to PDF converter (version 2006.09.02).]
\scratchcounter=\count133
\scratchdimen=\dimen162
\scratchbox=\box37
\nofMPsegments=\count134
\nofMParguments=\count135
\everyMPshowfont=\toks32
\MPscratchCnt=\count136
\MPscratchDim=\dimen163
\MPnumerator=\count137
\makeMPintoPDFobject=\count138
\everyMPtoPDFconversion=\toks33
) (/usr/local/texlive/2015/texmf-dist/tex/latex/oberdiek/epstopdf-base.sty
Package: epstopdf-base 2010/02/09 v2.5 Base part for package epstopdf

(/usr/local/texlive/2015/texmf-dist/tex/latex/oberdiek/grfext.sty
Package: grfext 2010/08/19 v1.1 Manage graphics extensions (HO)
)
Package grfext Info: Graphics extension search list:
(grfext)             [.png,.pdf,.jpg,.mps,.jpeg,.jbig2,.jb2,.PNG,.PDF,.JPG,.JPE
G,.JBIG2,.JB2,.eps]
(grfext)             \AppendGraphicsExtensions on input line 452.

(/usr/local/texlive/2015/texmf-dist/tex/latex/latexconfig/epstopdf-sys.cfg
File: epstopdf-sys.cfg 2010/07/13 v1.3 Configuration of (r)epstopdf for TeX Liv
e
))
Package caption Info: Begin \AtBeginDocument code.
Package caption Info: subfig package v1.3 is loaded.
Package caption Info: hyperref package is loaded.
Package caption Info: End \AtBeginDocument code.
\AtBeginShipoutBox=\box38
Package hyperref Info: Link coloring ON on input line 91.

(/usr/local/texlive/2015/texmf-dist/tex/latex/hyperref/nameref.sty
Package: nameref 2012/10/27 v2.43 Cross-referencing by name of section

(/usr/local/texlive/2015/texmf-dist/tex/generic/oberdiek/gettitlestring.sty
Package: gettitlestring 2010/12/03 v1.4 Cleanup title references (HO)
)
\c@section@level=\count139
)
LaTeX Info: Redefining \ref on input line 91.
LaTeX Info: Redefining \pageref on input line 91.
LaTeX Info: Redefining \nameref on input line 91.

(./ePort.out) (./ePort.out)
\@outlinefile=\write3
\openout3 = `ePort.out'.


*geometry* driver: auto-detecting
*geometry* detected driver: pdftex
*geometry* verbose mode - [ preamble ] result:
* driver: pdftex
* paper: <default>
* layout: <same size as paper>
* layoutoffset:(h,v)=(0.0pt,0.0pt)
* modes: 
* h-part:(L,W,R)=(85.35826pt, 443.57848pt, 85.35826pt)
* v-part:(T,H,B)=(85.35826pt, 610.02708pt, 99.58464pt)
* \paperwidth=614.295pt
* \paperheight=794.96999pt
* \textwidth=443.57848pt
* \textheight=610.02708pt
* \oddsidemargin=13.08827pt
* \evensidemargin=13.08827pt
* \topmargin=-23.91173pt
* \headheight=12.0pt
* \headsep=25.0pt
* \topskip=10.0pt
* \footskip=30.0pt
* \marginparwidth=65.0pt
* \marginparsep=11.0pt
* \columnsep=10.0pt
* \skip\footins=9.0pt plus 4.0pt minus 2.0pt
* \hoffset=0.0pt
* \voffset=0.0pt
* \mag=1000
* \@twocolumnfalse
* \@twosidefalse
* \@mparswitchfalse
* \@reversemarginfalse
* (1in=72.27pt=25.4mm, 1cm=28.453pt)

LaTeX Font Info:    Try loading font information for U+msa on input line 110.
(/usr/local/texlive/2015/texmf-dist/tex/latex/amsfonts/umsa.fd
File: umsa.fd 2013/01/14 v3.01 AMS symbols A
)
LaTeX Font Info:    Try loading font information for U+msb on input line 110.

(/usr/local/texlive/2015/texmf-dist/tex/latex/amsfonts/umsb.fd
File: umsb.fd 2013/01/14 v3.01 AMS symbols B
) (./ePort.toc
[1

{/usr/local/texlive/2015/texmf-var/fonts/map/pdftex/updmap/pdftex.map}])
\tf@toc=\write4
\openout4 = `ePort.toc'.



Package hyperref Warning: Ignoring empty anchor on input line 112.

[2]
Underfull \hbox (badness 10000) in paragraph at lines 135--136

 []


Package xcolor Warning: Incompatible color definition on input line 138.

[3]
LaTeX Font Info:    Font shape `OT1/cmtt/bx/n' in size <10> not available
(Font)              Font shape `OT1/cmtt/m/n' tried instead on input line 140.

Underfull \hbox (badness 10000) in paragraph at lines 145--147

 []


Package xcolor Warning: Incompatible color definition on input line 149.


Underfull \hbox (badness 10000) in paragraph at lines 159--160

 []


Package xcolor Warning: Incompatible color definition on input line 162.


Underfull \hbox (badness 10000) in paragraph at lines 169--170

 []


Package xcolor Warning: Incompatible color definition on input line 172.

[4]

Package caption Warning: The option `hypcap=true' will be ignored for this
(caption)                particular \caption on input line 195.
See the caption package documentation for explanation.

[5]

Package caption Warning: The option `hypcap=true' will be ignored for this
(caption)                particular \caption on input line 280.
See the caption package documentation for explanation.


Underfull \hbox (badness 10000) in paragraph at lines 302--303

 []

[6] [7] [8] <imageLayout.png, id=302, 602.25pt x 452.69125pt>
File: imageLayout.png Graphic file (type png)

<use imageLayout.png>
Package pdftex.def Info: imageLayout.png used on input line 398.
(pdftex.def)             Requested size: 443.57848pt x 333.439pt.


Package caption Warning: The option `hypcap=true' will be ignored for this
(caption)                particular \caption on input line 399.
See the caption package documentation for explanation.


Overfull \hbox (6.79999pt too wide) in paragraph at lines 398--399
 [] 
 []

[9 <./imageLayout.png>]
Underfull \hbox (badness 10000) in paragraph at lines 411--412

 []

[10]
Underfull \hbox (badness 10000) in paragraph at lines 445--446

 []


Package xcolor Warning: Incompatible color definition on input line 448.


Underfull \hbox (badness 10000) in paragraph at lines 455--463

 []

[11]
LaTeX Font Info:    Try loading font information for OMS+cmr on input line 470.

 (/usr/local/texlive/2015/texmf-dist/tex/latex/base/omscmr.fd
File: omscmr.fd 2014/09/29 v2.5h Standard LaTeX font definitions
)
LaTeX Font Info:    Font shape `OMS/cmr/m/n' in size <10> not available
(Font)              Font shape `OMS/cmsy/m/n' tried instead on input line 470.
 [12]
Underfull \hbox (badness 10000) in paragraph at lines 500--501

 []


Package xcolor Warning: Incompatible color definition on input line 503.


Underfull \hbox (badness 10000) in paragraph at lines 527--528

 []


Package xcolor Warning: Incompatible color definition on input line 530.


Underfull \hbox (badness 10000) in paragraph at lines 538--539

 []


Package xcolor Warning: Incompatible color definition on input line 541.

[13]
Underfull \hbox (badness 10000) in paragraph at lines 550--551

 []


Package xcolor Warning: Incompatible color definition on input line 553.


Underfull \hbox (badness 10000) in paragraph at lines 560--561

 []


Package xcolor Warning: Incompatible color definition on input line 563.


Underfull \hbox (badness 10000) in paragraph at lines 571--572

 []


Package xcolor Warning: Incompatible color definition on input line 574.


Underfull \hbox (badness 10000) in paragraph at lines 583--584

 []


Package xcolor Warning: Incompatible color definition on input line 586.


Underfull \hbox (badness 10000) in paragraph at lines 593--594

 []


Package xcolor Warning: Incompatible color definition on input line 596.

[14]
Underfull \hbox (badness 10000) in paragraph at lines 603--604

 []


Package xcolor Warning: Incompatible color definition on input line 606.


Underfull \hbox (badness 10000) in paragraph at lines 618--619

 []


Underfull \hbox (badness 10000) in paragraph at lines 620--621

 []


Underfull \hbox (badness 10000) in paragraph at lines 622--628

 []


Underfull \hbox (badness 10000) in paragraph at lines 630--631

 []


Package xcolor Warning: Incompatible color definition on input line 633.

[15] <image1a.png, id=350, 476.78125pt x 81.30376pt>
File: image1a.png Graphic file (type png)
 <use image1a.png>
Package pdftex.def Info: image1a.png used on input line 653.
(pdftex.def)             Requested size: 288.32329pt x 49.16968pt.


Package caption Warning: The option `hypcap=true' will be ignored for this
(caption)                particular \caption on input line 654.
See the caption package documentation for explanation.

<image1b.png, id=352, 496.85625pt x 488.82625pt>
File: image1b.png Graphic file (type png)
 <use image1b.png>
Package pdftex.def Info: image1b.png used on input line 661.
(pdftex.def)             Requested size: 332.68385pt x 327.31049pt.


Package caption Warning: The option `hypcap=true' will be ignored for this
(caption)                particular \caption on input line 663.
See the caption package documentation for explanation.

[16 <./image1a.png>] <image1c.png, id=360, 459.7175pt x 504.88625pt>
File: image1c.png Graphic file (type png)

<use image1c.png>
Package pdftex.def Info: image1c.png used on input line 671.
(pdftex.def)             Requested size: 288.32329pt x 316.67018pt.


Package caption Warning: The option `hypcap=true' will be ignored for this
(caption)                particular \caption on input line 672.
See the caption package documentation for explanation.

[17 <./image1b.png>] <image1d.png, id=367, 677.53125pt x 125.46875pt>
File: image1d.png Graphic file (type png)

<use image1d.png>
Package pdftex.def Info: image1d.png used on input line 680.
(pdftex.def)             Requested size: 443.57848pt x 82.1472pt.


Package caption Warning: The option `hypcap=true' will be ignored for this
(caption)                particular \caption on input line 681.
See the caption package documentation for explanation.


Overfull \hbox (6.79999pt too wide) in paragraph at lines 680--681
 [] 
 []

[18 <./image1c.png> <./image1d.png>]
Underfull \hbox (badness 10000) in paragraph at lines 704--705

 []


Package xcolor Warning: Incompatible color definition on input line 707.

[19] <image2a.png, id=386, 464.73625pt x 710.655pt>
File: image2a.png Graphic file (type png)
 <use image2a.png>
Package pdftex.def Info: image2a.png used on input line 723.
(pdftex.def)             Requested size: 332.68385pt x 508.74341pt.


Package caption Warning: The option `hypcap=true' will be ignored for this
(caption)                particular \caption on input line 724.
See the caption package documentation for explanation.

[20 <./image2a.png>] <image2b.png, id=393, 722.7pt x 357.9774pt>
File: image2b.png Graphic file (type png)

<use image2b.png>
Package pdftex.def Info: image2b.png used on input line 732.
(pdftex.def)             Requested size: 443.57848pt x 219.72054pt.


Package caption Warning: The option `hypcap=true' will be ignored for this
(caption)                particular \caption on input line 733.
See the caption package documentation for explanation.


Overfull \hbox (6.79999pt too wide) in paragraph at lines 732--733
 [] 
 []

[21 <./image2b.png>] <image2c.png, id=402, 775.89874pt x 513.92pt>
File: image2c.png Graphic file (type png)

<use image2c.png>
Package pdftex.def Info: image2c.png used on input line 743.
(pdftex.def)             Requested size: 443.57848pt x 293.80788pt.


Package caption Warning: The option `hypcap=true' will be ignored for this
(caption)                particular \caption on input line 744.
See the caption package documentation for explanation.


Overfull \hbox (6.79999pt too wide) in paragraph at lines 743--744
 [] 
 []

[22 <./image2c.png>]
Underfull \hbox (badness 10000) in paragraph at lines 760--761

 []


Package xcolor Warning: Incompatible color definition on input line 763.

<image3a.png, id=409, 204.765pt x 190.7125pt>
File: image3a.png Graphic file (type png)
 <use image3a.png>
Package pdftex.def Info: image3a.png used on input line 781.
(pdftex.def)             Requested size: 177.42868pt x 165.26376pt.


Package caption Warning: The option `hypcap=true' will be ignored for this
(caption)                particular \caption on input line 782.
See the caption package documentation for explanation.

[23]
Underfull \hbox (badness 10000) in paragraph at lines 801--802

 []

[24 <./image3a.png>]

Package xcolor Warning: Incompatible color definition on input line 804.

<image4a.png, id=429, 494.84875pt x 101.37875pt>
File: image4a.png Graphic file (type png)
 <use image4a.png>
Package pdftex.def Info: image4a.png used on input line 818.
(pdftex.def)             Requested size: 288.32329pt x 59.06732pt.


Package caption Warning: The option `hypcap=true' will be ignored for this
(caption)                particular \caption on input line 819.
See the caption package documentation for explanation.

<image4b.png, id=431, 1031.855pt x 749.80125pt>
File: image4b.png Graphic file (type png)
 <use image4b.png>
Package pdftex.def Info: image4b.png used on input line 827.
(pdftex.def)             Requested size: 354.86412pt x 257.85796pt.


Package caption Warning: The option `hypcap=true' will be ignored for this
(caption)                particular \caption on input line 828.
See the caption package documentation for explanation.

[25 <./image4a.png>] <image4c.png, id=441, 456.70625pt x 592.2125pt>
File: image4c.png Graphic file (type png)

<use image4c.png>
Package pdftex.def Info: image4c.png used on input line 836.
(pdftex.def)             Requested size: 243.96951pt x 316.35614pt.


Package caption Warning: The option `hypcap=true' will be ignored for this
(caption)                particular \caption on input line 837.
See the caption package documentation for explanation.

[26 <./image4b.png>] <image4d.png, id=449, 722.7pt x 366.168pt>
File: image4d.png Graphic file (type png)

<use image4d.png>
Package pdftex.def Info: image4d.png used on input line 847.
(pdftex.def)             Requested size: 443.57848pt x 224.74779pt.


Package caption Warning: The option `hypcap=true' will be ignored for this
(caption)                particular \caption on input line 848.
See the caption package documentation for explanation.


Overfull \hbox (6.79999pt too wide) in paragraph at lines 847--848
 [] 
 []

[27 <./image4c.png>] <image4e.png, id=460, 906.38625pt x 636.3775pt>
File: image4e.png Graphic file (type png)

<use image4e.png>
Package pdftex.def Info: image4e.png used on input line 858.
(pdftex.def)             Requested size: 443.57848pt x 311.43929pt.


Package caption Warning: The option `hypcap=true' will be ignored for this
(caption)                particular \caption on input line 859.
See the caption package documentation for explanation.


Overfull \hbox (6.79999pt too wide) in paragraph at lines 858--859
 [] 
 []

[28 <./image4d.png>] [29 <./image4e.png>]
Underfull \hbox (badness 10000) in paragraph at lines 885--886

 []


Package xcolor Warning: Incompatible color definition on input line 888.

LaTeX Font Info:    Try loading font information for OMS+cmtt on input line 893
.
(/Library/Frameworks/R.framework/Resources/share/texmf/tex/latex/omscmtt.fd
File: omscmtt.fd 
)
LaTeX Font Info:    Font shape `OMS/cmtt/m/n' in size <10> not available
(Font)              Font shape `OMS/cmsy/m/n' tried instead on input line 893.

Underfull \hbox (badness 1009) in paragraph at lines 908--909
[]\OT1/cmr/m/n/10 Upon run-ning this code, you should have cre-ated three files
 into your \OT1/cmtt/m/n/10 OutputFiles \OT1/cmr/m/n/10 folder,
 []

[30] <image5a.png, id=481, 441.65pt x 104.39pt>
File: image5a.png Graphic file (type png)
 <use image5a.png>
Package pdftex.def Info: image5a.png used on input line 916.
(pdftex.def)             Requested size: 266.14978pt x 62.91003pt.


Package caption Warning: The option `hypcap=true' will be ignored for this
(caption)                particular \caption on input line 917.
See the caption package documentation for explanation.

<image5b.png, id=483, 816.04875pt x 549.05125pt>
File: image5b.png Graphic file (type png)
 <use image5b.png>
Package pdftex.def Info: image5b.png used on input line 925.
(pdftex.def)             Requested size: 288.32329pt x 193.9888pt.


Package caption Warning: The option `hypcap=true' will be ignored for this
(caption)                particular \caption on input line 926.
See the caption package documentation for explanation.

[31 <./image5a.png> <./image5b.png>]
<image5c.png, id=493, 470.75874pt x 710.655pt>
File: image5c.png Graphic file (type png)
 <use image5c.png>
Package pdftex.def Info: image5c.png used on input line 934.
(pdftex.def)             Requested size: 288.32329pt x 435.2556pt.


Package caption Warning: The option `hypcap=true' will be ignored for this
(caption)                particular \caption on input line 935.
See the caption package documentation for explanation.

[32 <./image5c.png>]
Underfull \hbox (badness 10000) in paragraph at lines 954--955

 []


Package xcolor Warning: Incompatible color definition on input line 957.


Underfull \hbox (badness 10000) in paragraph at lines 965--966
\OT1/cmtt/m/n/10 Stat101hwk[]Unit2[]A[]lowScore.txt\OT1/cmr/m/n/10 , \OT1/cmtt/
m/n/10 Stat101hwk[]Unit2[]B[]lowScore.txt\OT1/cmr/m/n/10 , and
 []

<image6a.png, id=500, 263.98625pt x 104.39pt>
File: image6a.png Graphic file (type png)
 <use image6a.png>
Package pdftex.def Info: image6a.png used on input line 973.
(pdftex.def)             Requested size: 177.42868pt x 70.16074pt.


Package caption Warning: The option `hypcap=true' will be ignored for this
(caption)                particular \caption on input line 974.
See the caption package documentation for explanation.

[33] <image6b.png, id=510, 603.25375pt x 409.53pt>
File: image6b.png Graphic file (type png)
 <use image6b.png>
Package pdftex.def Info: image6b.png used on input line 982.
(pdftex.def)             Requested size: 377.0444pt x 255.96187pt.


Package caption Warning: The option `hypcap=true' will be ignored for this
(caption)                particular \caption on input line 983.
See the caption package documentation for explanation.

<image6c.png, id=512, 979.66pt x 203.76125pt>
File: image6c.png Graphic file (type png)
 <use image6c.png>
Package pdftex.def Info: image6c.png used on input line 991.
(pdftex.def)             Requested size: 332.68385pt x 69.19395pt.


Package caption Warning: The option `hypcap=true' will be ignored for this
(caption)                particular \caption on input line 992.
See the caption package documentation for explanation.

[34 <./image6a.png> <./image6b.png>]
Underfull \hbox (badness 2452) in paragraph at lines 1001--1002
[]\OT1/cmr/m/n/10 You can take a mo-ment to ex-am-ine these three files (\OT1/c
mtt/m/n/10 Stat101hwk[]Unit2[]A[]lowScore.txt\OT1/cmr/m/n/10 ,
 []


Underfull \hbox (badness 10000) in paragraph at lines 1011--1012

 []

[35 <./image6c.png>]

Package xcolor Warning: Incompatible color definition on input line 1014.


Underfull \hbox (badness 10000) in paragraph at lines 1033--1034

 []


Package xcolor Warning: Incompatible color definition on input line 1036.

[36]
Underfull \hbox (badness 10000) in paragraph at lines 1059--1060

 []


Package caption Warning: The option `hypcap=true' will be ignored for this
(caption)                particular \caption on input line 1062.
See the caption package documentation for explanation.


Overfull \hbox (5.23497pt too wide) in paragraph at lines 1064--1088
 [] 
 []


Underfull \hbox (badness 10000) in paragraph at lines 1090--1091

 []


Package xcolor Warning: Incompatible color definition on input line 1093.

[37]

Package caption Warning: The option `hypcap=true' will be ignored for this
(caption)                particular \caption on input line 1108.
See the caption package documentation for explanation.


Overfull \hbox (5.23497pt too wide) in paragraph at lines 1110--1134
 [] 
 []


Package caption Warning: The option `hypcap=true' will be ignored for this
(caption)                particular \caption on input line 1139.
See the caption package documentation for explanation.


Underfull \hbox (badness 10000) in paragraph at lines 1170--1171

 []


Package xcolor Warning: Incompatible color definition on input line 1173.

[38]
Underfull \hbox (badness 1859) in paragraph at lines 1195--1196
\OT1/cmr/m/n/10 (\OT1/cmtt/m/n/10 Stat101hwk[]Topic06[]A--short.pdf\OT1/cmr/m/n
/10 , \OT1/cmtt/m/n/10 Stat101hwk[]Topic06[]B--short.pdf\OT1/cmr/m/n/10 , \OT1/
cmtt/m/n/10 Stat101hwk[]Topic06[]C-
 []


Underfull \hbox (badness 2781) in paragraph at lines 1195--1196
\OT1/cmtt/m/n/10 -short.pdf\OT1/cmr/m/n/10 , \OT1/cmtt/m/n/10 Stat101hwk[]Topic
06[]A[]lowScore.txt\OT1/cmr/m/n/10 , \OT1/cmtt/m/n/10 Stat101hwk[]Topic06[]B[]l
owScore.txt\OT1/cmr/m/n/10 , and
 []


Underfull \hbox (badness 10000) in paragraph at lines 1197--1198

 []


Package xcolor Warning: Incompatible color definition on input line 1200.


Underfull \hbox (badness 10000) in paragraph at lines 1210--1211

 []


Package xcolor Warning: Incompatible color definition on input line 1213.


Underfull \hbox (badness 10000) in paragraph at lines 1221--1222

 []

[39]

Package xcolor Warning: Incompatible color definition on input line 1224.

[40]
Underfull \hbox (badness 10000) in paragraph at lines 1263--1264

 []


Package xcolor Warning: Incompatible color definition on input line 1266.


Underfull \hbox (badness 10000) in paragraph at lines 1273--1274

 []


Package xcolor Warning: Incompatible color definition on input line 1276.

[41]
Underfull \hbox (badness 10000) in paragraph at lines 1291--1292

 []


Package xcolor Warning: Incompatible color definition on input line 1294.


Underfull \hbox (badness 10000) in paragraph at lines 1301--1302

 []


Package xcolor Warning: Incompatible color definition on input line 1304.


Underfull \hbox (badness 10000) in paragraph at lines 1313--1314
\OT1/cmtt/m/n/10 Eng444hwk[]Unit2[]A[]lowScore.txt\OT1/cmr/m/n/10 , \OT1/cmtt/m
/n/10 Eng444hwk[]Unit2[]B[]lowScore.txt\OT1/cmr/m/n/10 , and
 []

[42]
Package atveryend Info: Empty hook `BeforeClearDocument' on input line 1329.
 [43]
Package atveryend Info: Empty hook `AfterLastShipout' on input line 1329.
 (./ePort.aux)
Package atveryend Info: Executing hook `AtVeryEndDocument' on input line 1329.
Package atveryend Info: Executing hook `AtEndAfterFileList' on input line 1329.

Package rerunfilecheck Info: File `ePort.out' has not changed.
(rerunfilecheck)             Checksum: E99DB76AC22ABB2BE91F630F59485FD8;3284.
Package atveryend Info: Empty hook `AtVeryVeryEnd' on input line 1329.
 ) 
Here is how much of TeX's memory you used:
 10773 strings out of 493089
 158994 string characters out of 6134842
 281611 words of memory out of 5000000
 13922 multiletter control sequences out of 15000+600000
 12959 words of font info for 51 fonts, out of 8000000 for 9000
 1141 hyphenation exceptions out of 8191
 44i,7n,75p,1161b,531s stack positions out of 5000i,500n,10000p,200000b,80000s
</usr/local/texlive/2015/texmf-dist/fonts/type1/public/amsfonts/cm/cmbx10.pfb
></usr/local/texlive/2015/texmf-dist/fonts/type1/public/amsfonts/cm/cmbx12.pfb>
</usr/local/texlive/2015/texmf-dist/fonts/type1/public/amsfonts/cm/cmmi10.pfb><
/usr/local/texlive/2015/texmf-dist/fonts/type1/public/amsfonts/cm/cmr10.pfb></u
sr/local/texlive/2015/texmf-dist/fonts/type1/public/amsfonts/cm/cmr12.pfb></usr
/local/texlive/2015/texmf-dist/fonts/type1/public/amsfonts/cm/cmr17.pfb></usr/l
ocal/texlive/2015/texmf-dist/fonts/type1/public/amsfonts/cm/cmr6.pfb></usr/loca
l/texlive/2015/texmf-dist/fonts/type1/public/amsfonts/cm/cmr7.pfb></usr/local/t
exlive/2015/texmf-dist/fonts/type1/public/amsfonts/cm/cmr8.pfb></usr/local/texl
ive/2015/texmf-dist/fonts/type1/public/amsfonts/cm/cmss10.pfb></usr/local/texli
ve/2015/texmf-dist/fonts/type1/public/amsfonts/cm/cmss8.pfb></usr/local/texlive
/2015/texmf-dist/fonts/type1/public/amsfonts/cm/cmsy10.pfb></usr/local/texlive/
2015/texmf-dist/fonts/type1/public/amsfonts/cm/cmti10.pfb></usr/local/texlive/2
015/texmf-dist/fonts/type1/public/amsfonts/cm/cmtt10.pfb></usr/local/texlive/20
15/texmf-dist/fonts/type1/public/amsfonts/cm/cmtt12.pfb></usr/local/texlive/201
5/texmf-dist/fonts/type1/public/amsfonts/cm/cmtt8.pfb>
Output written on ePort.pdf (43 pages, 1717468 bytes).
PDF statistics:
 663 PDF objects out of 1000 (max. 8388607)
 567 compressed objects within 6 object streams
 144 named destinations out of 1000 (max. 500000)
 477 words of extra memory for PDF output out of 10000 (max. 10000000)

