\BOOKMARK [1][-]{section.1}{Introduction}{}% 1
\BOOKMARK [2][-]{subsection.1.1}{Summary}{section.1}% 2
\BOOKMARK [2][-]{subsection.1.2}{Installation}{section.1}% 3
\BOOKMARK [2][-]{subsection.1.3}{Help files}{section.1}% 4
\BOOKMARK [1][-]{section.2}{Online homework database}{}% 5
\BOOKMARK [2][-]{subsection.2.1}{Database structure}{section.2}% 6
\BOOKMARK [3][-]{subsubsection.2.1.1}{Topics}{subsection.2.1}% 7
\BOOKMARK [3][-]{subsubsection.2.1.2}{Learning outcomes}{subsection.2.1}% 8
\BOOKMARK [3][-]{subsubsection.2.1.3}{Question types}{subsection.2.1}% 9
\BOOKMARK [3][-]{subsubsection.2.1.4}{Question sets}{subsection.2.1}% 10
\BOOKMARK [2][-]{subsection.2.2}{Report generation outline}{section.2}% 11
\BOOKMARK [3][-]{subsubsection.2.2.1}{External software - Respondus}{subsection.2.2}% 12
\BOOKMARK [3][-]{subsubsection.2.2.2}{External software - Blackboard}{subsection.2.2}% 13
\BOOKMARK [3][-]{subsubsection.2.2.3}{Input files}{subsection.2.2}% 14
\BOOKMARK [3][-]{subsubsection.2.2.4}{Parsing input files}{subsection.2.2}% 15
\BOOKMARK [1][-]{section.3}{Example data}{}% 16
\BOOKMARK [1][-]{section.4}{Generating Reports}{}% 17
\BOOKMARK [2][-]{subsection.4.1}{One topic for one section - short version}{section.4}% 18
\BOOKMARK [3][-]{subsubsection.4.1.1}{Code}{subsection.4.1}% 19
\BOOKMARK [3][-]{subsubsection.4.1.2}{Output}{subsection.4.1}% 20
\BOOKMARK [3][-]{subsubsection.4.1.3}{Contacts of low-performing students}{subsection.4.1}% 21
\BOOKMARK [2][-]{subsection.4.2}{One topic for one section - long version}{section.4}% 22
\BOOKMARK [3][-]{subsubsection.4.2.1}{Code}{subsection.4.2}% 23
\BOOKMARK [3][-]{subsubsection.4.2.2}{Output}{subsection.4.2}% 24
\BOOKMARK [2][-]{subsection.4.3}{One topic comparing multiple sections - short version}{section.4}% 25
\BOOKMARK [3][-]{subsubsection.4.3.1}{Code}{subsection.4.3}% 26
\BOOKMARK [3][-]{subsubsection.4.3.2}{Output}{subsection.4.3}% 27
\BOOKMARK [2][-]{subsection.4.4}{One topic comparing multiple sections - long version}{section.4}% 28
\BOOKMARK [3][-]{subsubsection.4.4.1}{Code}{subsection.4.4}% 29
\BOOKMARK [3][-]{subsubsection.4.4.2}{Output}{subsection.4.4}% 30
\BOOKMARK [2][-]{subsection.4.5}{One unit \(group of topics\) for one section}{section.4}% 31
\BOOKMARK [3][-]{subsubsection.4.5.1}{Code}{subsection.4.5}% 32
\BOOKMARK [3][-]{subsubsection.4.5.2}{Output}{subsection.4.5}% 33
\BOOKMARK [2][-]{subsection.4.6}{One unit \(group of topics\) comparing multiple sections}{section.4}% 34
\BOOKMARK [3][-]{subsubsection.4.6.1}{Code}{subsection.4.6}% 35
\BOOKMARK [3][-]{subsubsection.4.6.2}{Output}{subsection.4.6}% 36
\BOOKMARK [3][-]{subsubsection.4.6.3}{Contacts of low-performing students}{subsection.4.6}% 37
\BOOKMARK [1][-]{section.5}{Additional tools}{}% 38
\BOOKMARK [2][-]{subsection.5.1}{Splitting files}{section.5}% 39
\BOOKMARK [2][-]{subsection.5.2}{Merging files}{section.5}% 40
\BOOKMARK [2][-]{subsection.5.3}{Deidentifying files}{section.5}% 41
\BOOKMARK [1][-]{section.6}{Running reports sequentially}{}% 42
\BOOKMARK [1][-]{section.7}{Report Defaults}{}% 43
\BOOKMARK [2][-]{subsection.7.1}{Parameter options}{section.7}% 44
\BOOKMARK [2][-]{subsection.7.2}{Examples}{section.7}% 45
\BOOKMARK [1][-]{section.8}{Future avenues}{}% 46
\BOOKMARK [1][-]{section.9}{Conclusions}{}% 47
